#
# A fatal error has been detected by the Java Runtime Environment:
#
#  EXCEPTION_ACCESS_VIOLATION (0xc0000005) at pc=0x000000006ee2c2f0, pid=7664, tid=2472
#
# JRE version: Java(TM) SE Runtime Environment (8.0_91-b15) (build 1.8.0_91-b15)
# Java VM: Java HotSpot(TM) 64-Bit Server VM (25.91-b15 mixed mode windows-amd64 compressed oops)
# Problematic frame:
# C  [xuggle3045719811404368110.dll+0x6ec2f0]
#
# Failed to write core dump. Minidumps are not enabled by default on client versions of Windows
#
# If you would like to submit a bug report, please visit:
#   http://bugreport.java.com/bugreport/crash.jsp
# The crash happened outside the Java Virtual Machine in native code.
# See problematic frame for where to report the bug.
#

---------------  T H R E A D  ---------------

Current thread (0x000000000280d800):  JavaThread "main" [_thread_in_native, id=2472, stack(0x0000000002660000,0x0000000002760000)]

siginfo: ExceptionCode=0xc0000005, reading address 0x0000000000015190

Registers:
RAX=0xffffffffffffff80, RBX=0x0000000019b42620, RCX=0x0000000019baffa0, RDX=0x0000000000015190
RSP=0x0000000002752058, RBP=0x0000000000000161, RSI=0x00000000000002a0, RDI=0x0000000000015190
R8 =0x000000001cc1f4b0, R9 =0x00000000000002a0, R10=0x0000000000001500, R11=0x000000001cbda007
R12=0x0000000019b45504, R13=0x0000000000000019, R14=0x0000000000000150, R15=0x0000000000001500
RIP=0x000000006ee2c2f0, EFLAGS=0x0000000000010207

Top of Stack: (sp=0x0000000002752058)
0x0000000002752058:   000000006eb61d03 0000000000000000
0x0000000002752068:   000000001cc1f4b0 000000001ca92e58
0x0000000002752078:   000000001caa7e78 0000000000000000
0x0000000002752088:   0000000019b42a10 0000000019b442b0
0x0000000002752098:   0000000019b44670 0000000019b442b0
0x00000000027520a8:   0000000019b44670 0000000000000000
0x00000000027520b8:   0000000000001500 00000000d7113dd0
0x00000000027520c8:   0000000000001500 000000000275e310
0x00000000027520d8:   0000000000016690 00000000fffffffd
0x00000000027520e8:   0000000000000003 000000001cc1f4b0
0x00000000027520f8:   00000000000054c8 00000000000054c8
0x0000000002752108:   0000000000000019 0000000000000008
0x0000000002752118:   000000001ca92e58 000000001caa7e78
0x0000000002752128:   0000000800000008 000000001cc1f4b8
0x0000000002752138:   0000000002756058 000000001cc209b0
0x0000000002752148:   000000001cc209b8 000000001cc1f4a8 

Instructions: (pc=0x000000006ee2c2f0)
0x000000006ee2c2d0:   48 83 e9 80 4d 63 c9 0f ef ff 48 c7 c0 80 ff ff
0x000000006ee2c2e0:   ff 66 66 66 66 66 66 2e 0f 1f 84 00 00 00 00 00
0x000000006ee2c2f0:   0f 6f 02 41 0f 6f 10 0f 6f c8 0f 6f da 0f 60 c7
0x000000006ee2c300:   0f 68 cf 0f 60 d7 0f 68 df 0f f9 c2 0f f9 cb 0f 


Register to memory mapping:

RAX=0xffffffffffffff80 is an unknown value
RBX=0x0000000019b42620 is an unknown value
RCX=0x0000000019baffa0 is an unknown value
RDX=0x0000000000015190 is an unknown value
RSP=0x0000000002752058 is pointing into the stack for thread: 0x000000000280d800
RBP=0x0000000000000161 is an unknown value
RSI=0x00000000000002a0 is an unknown value
RDI=0x0000000000015190 is an unknown value
R8 =0x000000001cc1f4b0 is an unknown value
R9 =0x00000000000002a0 is an unknown value
R10=0x0000000000001500 is an unknown value
R11=0x000000001cbda007 is an unknown value
R12=0x0000000019b45504 is an unknown value
R13=0x0000000000000019 is an unknown value
R14=0x0000000000000150 is an unknown value
R15=0x0000000000001500 is an unknown value


Stack: [0x0000000002660000,0x0000000002760000],  sp=0x0000000002752058,  free space=968k
Native frames: (J=compiled Java code, j=interpreted, Vv=VM code, C=native code)
C  [xuggle3045719811404368110.dll+0x6ec2f0]
C  [xuggle3045719811404368110.dll+0x421d03]
C  [xuggle3045719811404368110.dll+0x23627e]
C  [xuggle3045719811404368110.dll+0x425592]
C  [xuggle3045719811404368110.dll+0x2375dd]
C  [xuggle3045719811404368110.dll+0x237764]
C  [xuggle3045719811404368110.dll+0x271a4]
C  [xuggle3045719811404368110.dll+0x727e2]
C  0x0000000002927f54

Java frames: (J=compiled Java code, j=interpreted, Vv=VM code)
j  com.xuggle.xuggler.XugglerJNI.IStreamCoder_encodeVideo(JLcom/xuggle/xuggler/IStreamCoder;JLcom/xuggle/xuggler/IPacket;JLcom/xuggle/xuggler/IVideoPicture;I)I+0
j  com.xuggle.xuggler.IStreamCoder.encodeVideo(Lcom/xuggle/xuggler/IPacket;Lcom/xuggle/xuggler/IVideoPicture;I)I+16
j  com.xuggle.mediatool.MediaWriter.encodeVideo(ILcom/xuggle/xuggler/IVideoPicture;Ljava/awt/image/BufferedImage;)V+141
j  com.xuggle.mediatool.MediaWriter.encodeVideo(ILjava/awt/image/BufferedImage;JLjava/util/concurrent/TimeUnit;)V+67
J 1322% C2 Main.main([Ljava/lang/String;)V (2037 bytes) @ 0x0000000002dbb6a8 [0x0000000002db9600+0x20a8]
v  ~StubRoutines::call_stub

---------------  P R O C E S S  ---------------

Java Threads: ( => current thread )
  0x0000000018dcd800 JavaThread "Thread-83" [_thread_in_native, id=9608, stack(0x000000002b100000,0x000000002b200000)]
  0x00000000213b1800 JavaThread "Java2D Disposer" daemon [_thread_blocked, id=11508, stack(0x0000000021b20000,0x0000000021c20000)]
  0x0000000018fcd000 JavaThread "Thread-5" [_thread_in_native, id=1840, stack(0x00000000199c0000,0x0000000019ac0000)]
  0x0000000018fcc000 JavaThread "Thread-4" [_thread_blocked, id=2180, stack(0x00000000198c0000,0x00000000199c0000)]
  0x0000000018f93000 JavaThread "Thread-3" [_thread_blocked, id=5008, stack(0x00000000197c0000,0x00000000198c0000)]
  0x0000000018fc7800 JavaThread "Thread-1" [_thread_in_native, id=10604, stack(0x00000000196c0000,0x00000000197c0000)]
  0x0000000018f1f000 JavaThread "Thread-2" [_thread_in_native, id=6756, stack(0x00000000195c0000,0x00000000196c0000)]
  0x0000000018f18000 JavaThread "Thread-0" [_thread_in_native, id=6904, stack(0x00000000194c0000,0x00000000195c0000)]
  0x0000000018df3000 JavaThread "Service Thread" daemon [_thread_blocked, id=980, stack(0x00000000191c0000,0x00000000192c0000)]
  0x00000000174ac000 JavaThread "C1 CompilerThread2" daemon [_thread_blocked, id=2220, stack(0x0000000018cc0000,0x0000000018dc0000)]
  0x0000000017487000 JavaThread "C2 CompilerThread1" daemon [_thread_blocked, id=8456, stack(0x0000000018bc0000,0x0000000018cc0000)]
  0x000000001747e000 JavaThread "C2 CompilerThread0" daemon [_thread_blocked, id=3408, stack(0x0000000018ac0000,0x0000000018bc0000)]
  0x000000001747c000 JavaThread "Attach Listener" daemon [_thread_blocked, id=10844, stack(0x00000000189c0000,0x0000000018ac0000)]
  0x000000001747b000 JavaThread "Signal Dispatcher" daemon [_thread_blocked, id=9496, stack(0x00000000188c0000,0x00000000189c0000)]
  0x000000000290b800 JavaThread "Finalizer" daemon [_thread_blocked, id=3864, stack(0x00000000186d0000,0x00000000187d0000)]
  0x0000000017449000 JavaThread "Reference Handler" daemon [_thread_blocked, id=2588, stack(0x00000000185d0000,0x00000000186d0000)]
=>0x000000000280d800 JavaThread "main" [_thread_in_native, id=2472, stack(0x0000000002660000,0x0000000002760000)]

Other Threads:
  0x0000000017447000 VMThread [stack: 0x00000000184d0000,0x00000000185d0000] [id=3680]
  0x0000000018df8000 WatcherThread [stack: 0x00000000192c0000,0x00000000193c0000] [id=11520]

VM state:not at safepoint (normal execution)

VM Mutex/Monitor currently owned by a thread: None

Heap:
 PSYoungGen      total 29696K, used 5985K [0x00000000d5c00000, 0x00000000d7f00000, 0x0000000100000000)
  eden space 23552K, 13% used [0x00000000d5c00000,0x00000000d5f156f8,0x00000000d7300000)
  from space 6144K, 46% used [0x00000000d7300000,0x00000000d75c3030,0x00000000d7900000)
  to   space 6144K, 0% used [0x00000000d7900000,0x00000000d7900000,0x00000000d7f00000)
 ParOldGen       total 87552K, used 26297K [0x0000000081400000, 0x0000000086980000, 0x00000000d5c00000)
  object space 87552K, 30% used [0x0000000081400000,0x0000000082dae728,0x0000000086980000)
 Metaspace       used 11826K, capacity 11986K, committed 12160K, reserved 1060864K
  class space    used 1265K, capacity 1337K, committed 1408K, reserved 1048576K

Card table byte_map: [0x0000000011cd0000,0x00000000120d0000] byte_map_base: 0x00000000118c6000

Marking Bits: (ParMarkBitMap*) 0x000000006a0f2f70
 Begin Bits: [0x0000000012780000, 0x0000000014730000)
 End Bits:   [0x0000000014730000, 0x00000000166e0000)

Polling page: 0x0000000000d50000

CodeCache: size=245760Kb used=5007Kb max_used=5007Kb free=240752Kb
 bounds [0x0000000002910000, 0x0000000002e00000, 0x0000000011910000]
 total_blobs=1934 nmethods=1316 adapters=531
 compilation: enabled

Compilation events (10 events):
Event: 41.051 Thread 0x000000001747e000 1438       4       java.util.GregorianCalendar::getWeekNumber (89 bytes)
Event: 41.056 Thread 0x000000001747e000 nmethod 1438 0x0000000002aa7990 code [0x0000000002aa7ac0, 0x0000000002aa7bf8]
Event: 41.374 Thread 0x00000000174ac000 1439       1       java.lang.Boolean::booleanValue (5 bytes)
Event: 41.375 Thread 0x00000000174ac000 nmethod 1439 0x0000000002aa76d0 code [0x0000000002aa7820, 0x0000000002aa7930]
Event: 42.285 Thread 0x00000000174ac000 1440   !   3       sun.misc.URLClassPath$JarLoader::checkResource (55 bytes)
Event: 42.287 Thread 0x00000000174ac000 nmethod 1440 0x0000000002df4210 code [0x0000000002df43c0, 0x0000000002df4a28]
Event: 42.288 Thread 0x00000000174ac000 1442   !   3       sun.misc.Resource::getBytes (242 bytes)
Event: 42.292 Thread 0x00000000174ac000 nmethod 1442 0x0000000002df8450 code [0x0000000002df8740, 0x0000000002dfa028]
Event: 42.292 Thread 0x00000000174ac000 1441       3       sun.misc.Resource::getByteBuffer (24 bytes)
Event: 42.293 Thread 0x00000000174ac000 nmethod 1441 0x0000000002df6b50 code [0x0000000002df6d00, 0x0000000002df7478]

GC Heap History (10 events):
Event: 39.628 GC heap before
{Heap before GC invocations=45 (full 0):
 PSYoungGen      total 29696K, used 26924K [0x00000000d5c00000, 0x00000000d7e80000, 0x0000000100000000)
  eden space 24064K, 100% used [0x00000000d5c00000,0x00000000d7380000,0x00000000d7380000)
  from space 5632K, 50% used [0x00000000d7900000,0x00000000d7bcb030,0x00000000d7e80000)
  to   space 5632K, 0% used [0x00000000d7380000,0x00000000d7380000,0x00000000d7900000)
 ParOldGen       total 87552K, used 23414K [0x0000000081400000, 0x0000000086980000, 0x00000000d5c00000)
  object space 87552K, 26% used [0x0000000081400000,0x0000000082add840,0x0000000086980000)
 Metaspace       used 11813K, capacity 11986K, committed 12160K, reserved 1060864K
  class space    used 1263K, capacity 1337K, committed 1408K, reserved 1048576K
Event: 39.630 GC heap after
Heap after GC invocations=45 (full 0):
 PSYoungGen      total 29696K, used 128K [0x00000000d5c00000, 0x00000000d7e80000, 0x0000000100000000)
  eden space 24064K, 0% used [0x00000000d5c00000,0x00000000d5c00000,0x00000000d7380000)
  from space 5632K, 2% used [0x00000000d7380000,0x00000000d73a0000,0x00000000d7900000)
  to   space 5632K, 0% used [0x00000000d7900000,0x00000000d7900000,0x00000000d7e80000)
 ParOldGen       total 87552K, used 23446K [0x0000000081400000, 0x0000000086980000, 0x00000000d5c00000)
  object space 87552K, 26% used [0x0000000081400000,0x0000000082ae5850,0x0000000086980000)
 Metaspace       used 11813K, capacity 11986K, committed 12160K, reserved 1060864K
  class space    used 1263K, capacity 1337K, committed 1408K, reserved 1048576K
}
Event: 40.289 GC heap before
{Heap before GC invocations=46 (full 0):
 PSYoungGen      total 29696K, used 23535K [0x00000000d5c00000, 0x00000000d7e80000, 0x0000000100000000)
  eden space 24064K, 97% used [0x00000000d5c00000,0x00000000d72dbe20,0x00000000d7380000)
  from space 5632K, 2% used [0x00000000d7380000,0x00000000d73a0000,0x00000000d7900000)
  to   space 5632K, 0% used [0x00000000d7900000,0x00000000d7900000,0x00000000d7e80000)
 ParOldGen       total 87552K, used 24346K [0x0000000081400000, 0x0000000086980000, 0x00000000d5c00000)
  object space 87552K, 27% used [0x0000000081400000,0x0000000082bc6860,0x0000000086980000)
 Metaspace       used 11818K, capacity 11986K, committed 12160K, reserved 1060864K
  class space    used 1263K, capacity 1337K, committed 1408K, reserved 1048576K
Event: 40.291 GC heap after
Heap after GC invocations=46 (full 0):
 PSYoungGen      total 29184K, used 4660K [0x00000000d5c00000, 0x00000000d7f80000, 0x0000000100000000)
  eden space 23552K, 0% used [0x00000000d5c00000,0x00000000d5c00000,0x00000000d7300000)
  from space 5632K, 82% used [0x00000000d7900000,0x00000000d7d8d050,0x00000000d7e80000)
  to   space 6144K, 0% used [0x00000000d7300000,0x00000000d7300000,0x00000000d7900000)
 ParOldGen       total 87552K, used 24378K [0x0000000081400000, 0x0000000086980000, 0x00000000d5c00000)
  object space 87552K, 27% used [0x0000000081400000,0x0000000082bce860,0x0000000086980000)
 Metaspace       used 11818K, capacity 11986K, committed 12160K, reserved 1060864K
  class space    used 1263K, capacity 1337K, committed 1408K, reserved 1048576K
}
Event: 41.010 GC heap before
{Heap before GC invocations=47 (full 0):
 PSYoungGen      total 29184K, used 28212K [0x00000000d5c00000, 0x00000000d7f80000, 0x0000000100000000)
  eden space 23552K, 100% used [0x00000000d5c00000,0x00000000d7300000,0x00000000d7300000)
  from space 5632K, 82% used [0x00000000d7900000,0x00000000d7d8d050,0x00000000d7e80000)
  to   space 6144K, 0% used [0x00000000d7300000,0x00000000d7300000,0x00000000d7900000)
 ParOldGen       total 87552K, used 24393K [0x0000000081400000, 0x0000000086980000, 0x00000000d5c00000)
  object space 87552K, 27% used [0x0000000081400000,0x0000000082bd26d8,0x0000000086980000)
 Metaspace       used 11818K, capacity 11986K, committed 12160K, reserved 1060864K
  class space    used 1263K, capacity 1337K, committed 1408K, reserved 1048576K
Event: 41.014 GC heap after
Heap after GC invocations=47 (full 0):
 PSYoungGen      total 29696K, used 4660K [0x00000000d5c00000, 0x00000000d8000000, 0x0000000100000000)
  eden space 23552K, 0% used [0x00000000d5c00000,0x00000000d5c00000,0x00000000d7300000)
  from space 6144K, 75% used [0x00000000d7300000,0x00000000d778d050,0x00000000d7900000)
  to   space 6656K, 0% used [0x00000000d7980000,0x00000000d7980000,0x00000000d8000000)
 ParOldGen       total 87552K, used 24425K [0x0000000081400000, 0x0000000086980000, 0x00000000d5c00000)
  object space 87552K, 27% used [0x0000000081400000,0x0000000082bda6e8,0x0000000086980000)
 Metaspace       used 11818K, capacity 11986K, committed 12160K, reserved 1060864K
  class space    used 1263K, capacity 1337K, committed 1408K, reserved 1048576K
}
Event: 41.597 GC heap before
{Heap before GC invocations=48 (full 0):
 PSYoungGen      total 29696K, used 28212K [0x00000000d5c00000, 0x00000000d8000000, 0x0000000100000000)
  eden space 23552K, 100% used [0x00000000d5c00000,0x00000000d7300000,0x00000000d7300000)
  from space 6144K, 75% used [0x00000000d7300000,0x00000000d778d050,0x00000000d7900000)
  to   space 6656K, 0% used [0x00000000d7980000,0x00000000d7980000,0x00000000d8000000)
 ParOldGen       total 87552K, used 24425K [0x0000000081400000, 0x0000000086980000, 0x00000000d5c00000)
  object space 87552K, 27% used [0x0000000081400000,0x0000000082bda6e8,0x0000000086980000)
 Metaspace       used 11818K, capacity 11986K, committed 12160K, reserved 1060864K
  class space    used 1263K, capacity 1337K, committed 1408K, reserved 1048576K
Event: 41.601 GC heap after
Heap after GC invocations=48 (full 0):
 PSYoungGen      total 29184K, used 2828K [0x00000000d5c00000, 0x00000000d7f00000, 0x0000000100000000)
  eden space 23552K, 0% used [0x00000000d5c00000,0x00000000d5c00000,0x00000000d7300000)
  from space 5632K, 50% used [0x00000000d7980000,0x00000000d7c43030,0x00000000d7f00000)
  to   space 6144K, 0% used [0x00000000d7300000,0x00000000d7300000,0x00000000d7900000)
 ParOldGen       total 87552K, used 26257K [0x0000000081400000, 0x0000000086980000, 0x00000000d5c00000)
  object space 87552K, 29% used [0x0000000081400000,0x0000000082da4718,0x0000000086980000)
 Metaspace       used 11818K, capacity 11986K, committed 12160K, reserved 1060864K
  class space    used 1263K, capacity 1337K, committed 1408K, reserved 1048576K
}
Event: 42.262 GC heap before
{Heap before GC invocations=49 (full 0):
 PSYoungGen      total 29184K, used 26380K [0x00000000d5c00000, 0x00000000d7f00000, 0x0000000100000000)
  eden space 23552K, 100% used [0x00000000d5c00000,0x00000000d7300000,0x00000000d7300000)
  from space 5632K, 50% used [0x00000000d7980000,0x00000000d7c43030,0x00000000d7f00000)
  to   space 6144K, 0% used [0x00000000d7300000,0x00000000d7300000,0x00000000d7900000)
 ParOldGen       total 87552K, used 26257K [0x0000000081400000, 0x0000000086980000, 0x00000000d5c00000)
  object space 87552K, 29% used [0x0000000081400000,0x0000000082da4718,0x0000000086980000)
 Metaspace       used 11818K, capacity 11986K, committed 12160K, reserved 1060864K
  class space    used 1263K, capacity 1337K, committed 1408K, reserved 1048576K
Event: 42.263 GC heap after
Heap after GC invocations=49 (full 0):
 PSYoungGen      total 29696K, used 2828K [0x00000000d5c00000, 0x00000000d7f00000, 0x0000000100000000)
  eden space 23552K, 0% used [0x00000000d5c00000,0x00000000d5c00000,0x00000000d7300000)
  from space 6144K, 46% used [0x00000000d7300000,0x00000000d75c3030,0x00000000d7900000)
  to   space 6144K, 0% used [0x00000000d7900000,0x00000000d7900000,0x00000000d7f00000)
 ParOldGen       total 87552K, used 26297K [0x0000000081400000, 0x0000000086980000, 0x00000000d5c00000)
  object space 87552K, 30% used [0x0000000081400000,0x0000000082dae728,0x0000000086980000)
 Metaspace       used 11818K, capacity 11986K, committed 12160K, reserved 1060864K
  class space    used 1263K, capacity 1337K, committed 1408K, reserved 1048576K
}

Deoptimization events (10 events):
Event: 16.431 Thread 0x0000000018f11000 Uncommon trap: reason=bimorphic action=maybe_recompile pc=0x0000000002ba949c method=java.util.HashMap.putVal(ILjava/lang/Object;Ljava/lang/Object;ZZ)Ljava/lang/Object; @ 56
Event: 16.432 Thread 0x0000000018f11000 Uncommon trap: reason=bimorphic action=maybe_recompile pc=0x0000000002ba94b4 method=java.util.HashMap.putVal(ILjava/lang/Object;Ljava/lang/Object;ZZ)Ljava/lang/Object; @ 152
Event: 16.432 Thread 0x0000000018f11000 Uncommon trap: reason=bimorphic action=maybe_recompile pc=0x0000000002ba949c method=java.util.HashMap.putVal(ILjava/lang/Object;Ljava/lang/Object;ZZ)Ljava/lang/Object; @ 56
Event: 16.432 Thread 0x0000000018f11000 Uncommon trap: reason=bimorphic action=maybe_recompile pc=0x0000000002ba949c method=java.util.HashMap.putVal(ILjava/lang/Object;Ljava/lang/Object;ZZ)Ljava/lang/Object; @ 56
Event: 16.432 Thread 0x0000000018f11000 Uncommon trap: reason=bimorphic action=maybe_recompile pc=0x0000000002ba7a58 method=java.util.HashMap.putVal(ILjava/lang/Object;Ljava/lang/Object;ZZ)Ljava/lang/Object; @ 56
Event: 17.807 Thread 0x0000000018f11000 Uncommon trap: reason=unstable_if action=reinterpret pc=0x0000000002b05548 method=java.io.WinNTFileSystem.normalize(Ljava/lang/String;)Ljava/lang/String; @ 128
Event: 32.332 Thread 0x000000000280d800 Uncommon trap: reason=unloaded action=reinterpret pc=0x0000000002bfc5f8 method=Main.main([Ljava/lang/String;)V @ 324
Event: 32.803 Thread 0x000000000280d800 Uncommon trap: reason=unstable_if action=reinterpret pc=0x0000000002caade0 method=java.util.HashMap.putVal(ILjava/lang/Object;Ljava/lang/Object;ZZ)Ljava/lang/Object; @ 236
Event: 32.879 Thread 0x000000000280d800 Uncommon trap: reason=unstable_if action=reinterpret pc=0x0000000002ae9ba8 method=java.lang.String.startsWith(Ljava/lang/String;I)Z @ 25
Event: 32.889 Thread 0x000000000280d800 Uncommon trap: reason=unstable_if action=reinterpret pc=0x0000000002d59ef8 method=java.lang.StringCoding$StringDecoder.decode([BII)[C @ 20

Internal exceptions (10 events):
Event: 0.570 Thread 0x000000000280d800 Exception <a 'java/security/PrivilegedActionException'> (0x00000000d5f55fe0) thrown at [C:\re\workspace\8-2-build-windows-amd64-cygwin\jdk8u91\7017\hotspot\src\share\vm\prims\jvm.cpp, line 1386]
Event: 0.570 Thread 0x000000000280d800 Exception <a 'java/security/PrivilegedActionException'> (0x00000000d5f561f0) thrown at [C:\re\workspace\8-2-build-windows-amd64-cygwin\jdk8u91\7017\hotspot\src\share\vm\prims\jvm.cpp, line 1386]
Event: 0.571 Thread 0x000000000280d800 Exception <a 'java/security/PrivilegedActionException'> (0x00000000d5f57280) thrown at [C:\re\workspace\8-2-build-windows-amd64-cygwin\jdk8u91\7017\hotspot\src\share\vm\prims\jvm.cpp, line 1386]
Event: 0.571 Thread 0x000000000280d800 Exception <a 'java/security/PrivilegedActionException'> (0x00000000d5f57490) thrown at [C:\re\workspace\8-2-build-windows-amd64-cygwin\jdk8u91\7017\hotspot\src\share\vm\prims\jvm.cpp, line 1386]
Event: 1.393 Thread 0x000000000280d800 Exception <a 'java/io/FileNotFoundException'> (0x00000000d61480f0) thrown at [C:\re\workspace\8-2-build-windows-amd64-cygwin\jdk8u91\7017\hotspot\src\share\vm\prims\jni.cpp, line 709]
Event: 1.500 Thread 0x000000000280d800 Exception <a 'java/lang/NoSuchFieldError': method resolution failed> (0x00000000d62f6a00) thrown at [C:\re\workspace\8-2-build-windows-amd64-cygwin\jdk8u91\7017\hotspot\src\share\vm\prims\methodHandles.cpp, line 1146]
Event: 1.505 Thread 0x000000000280d800 Exception <a 'java/lang/NoSuchFieldError': method resolution failed> (0x00000000d6303dd0) thrown at [C:\re\workspace\8-2-build-windows-amd64-cygwin\jdk8u91\7017\hotspot\src\share\vm\prims\methodHandles.cpp, line 1146]
Event: 1.624 Thread 0x000000000280d800 Exception <a 'java/io/FileNotFoundException'> (0x00000000d6391298) thrown at [C:\re\workspace\8-2-build-windows-amd64-cygwin\jdk8u91\7017\hotspot\src\share\vm\prims\jni.cpp, line 709]
Event: 16.307 Thread 0x0000000018f11000 Implicit null exception at 0x0000000002b87f9a to 0x0000000002b88021
Event: 32.526 Thread 0x000000000280d800 Exception <a 'java/io/FileNotFoundException'> (0x00000000d704c5c0) thrown at [C:\re\workspace\8-2-build-windows-amd64-cygwin\jdk8u91\7017\hotspot\src\share\vm\prims\jni.cpp, line 709]

Events (10 events):
Event: 42.283 loading class com/xuggle/mediatool/event/WriteTrailerEvent
Event: 42.283 loading class com/xuggle/mediatool/event/WriteTrailerEvent done
Event: 42.284 Executing VM operation: RevokeBias
Event: 42.284 Executing VM operation: RevokeBias done
Event: 42.285 loading class com/xuggle/mediatool/event/CloseCoderEvent
Event: 42.285 loading class com/xuggle/mediatool/event/CloseCoderEvent done
Event: 42.286 loading class com/xuggle/mediatool/event/CloseEvent
Event: 42.286 loading class com/xuggle/mediatool/event/CloseEvent done
Event: 42.287 Thread 0x00000000174ac000 flushing nmethod 0x0000000002bb35d0
Event: 42.287 Thread 0x00000000174ac000 flushing nmethod 0x0000000002bb3dd0


Dynamic libraries:
0x00007ff7cec30000 - 0x00007ff7cec67000 	C:\Program Files\Java\jre1.8.0_91\bin\javaw.exe
0x00007ff834d80000 - 0x00007ff834f51000 	C:\WINDOWS\SYSTEM32\ntdll.dll
0x00007ff832330000 - 0x00007ff8323dc000 	C:\WINDOWS\System32\KERNEL32.DLL
0x00007ff831ea0000 - 0x00007ff8320bd000 	C:\WINDOWS\System32\KERNELBASE.dll
0x00007ff832a40000 - 0x00007ff832ae2000 	C:\WINDOWS\System32\ADVAPI32.dll
0x00007ff834350000 - 0x00007ff8343ee000 	C:\WINDOWS\System32\msvcrt.dll
0x00007ff832af0000 - 0x00007ff832b49000 	C:\WINDOWS\System32\sechost.dll
0x00007ff834990000 - 0x00007ff834ab1000 	C:\WINDOWS\System32\RPCRT4.dll
0x00007ff832b50000 - 0x00007ff832cb5000 	C:\WINDOWS\System32\USER32.dll
0x00007ff8322f0000 - 0x00007ff83230e000 	C:\WINDOWS\System32\win32u.dll
0x00007ff832630000 - 0x00007ff832664000 	C:\WINDOWS\System32\GDI32.dll
0x00007ff832160000 - 0x00007ff8322e2000 	C:\WINDOWS\System32\gdi32full.dll
0x00007ff825670000 - 0x00007ff8258ea000 	C:\WINDOWS\WinSxS\amd64_microsoft.windows.common-controls_6595b64144ccf1df_6.0.14393.953_none_42151e83c686086b\COMCTL32.dll
0x00007ff832710000 - 0x00007ff8329d8000 	C:\WINDOWS\System32\combase.dll
0x00007ff831c80000 - 0x00007ff831d75000 	C:\WINDOWS\System32\ucrtbase.dll
0x00007ff831e30000 - 0x00007ff831e9a000 	C:\WINDOWS\System32\bcryptPrimitives.dll
0x00007ff832520000 - 0x00007ff83254e000 	C:\WINDOWS\System32\IMM32.DLL
0x00000000695b0000 - 0x0000000069682000 	C:\Program Files\Java\jre1.8.0_91\bin\msvcr100.dll
0x00000000698e0000 - 0x000000006a173000 	C:\Program Files\Java\jre1.8.0_91\bin\server\jvm.dll
0x00007ff832310000 - 0x00007ff832318000 	C:\WINDOWS\System32\PSAPI.DLL
0x00007ff82f570000 - 0x00007ff82f593000 	C:\WINDOWS\SYSTEM32\WINMM.dll
0x00007ff824090000 - 0x00007ff824099000 	C:\WINDOWS\SYSTEM32\WSOCK32.dll
0x00007ff8325c0000 - 0x00007ff83262a000 	C:\WINDOWS\System32\WS2_32.dll
0x00007ff82d140000 - 0x00007ff82d14a000 	C:\WINDOWS\SYSTEM32\VERSION.dll
0x00007ff82f460000 - 0x00007ff82f48b000 	C:\WINDOWS\SYSTEM32\WINMMBASE.dll
0x00007ff8312d0000 - 0x00007ff831312000 	C:\WINDOWS\System32\cfgmgr32.dll
0x00000000697f0000 - 0x00000000697ff000 	C:\Program Files\Java\jre1.8.0_91\bin\verify.dll
0x00000000697c0000 - 0x00000000697e9000 	C:\Program Files\Java\jre1.8.0_91\bin\java.dll
0x00000000697a0000 - 0x00000000697b6000 	C:\Program Files\Java\jre1.8.0_91\bin\zip.dll
0x00007ff832cc0000 - 0x00007ff8341c8000 	C:\WINDOWS\System32\SHELL32.dll
0x00007ff831320000 - 0x00007ff8319fa000 	C:\WINDOWS\System32\windows.storage.dll
0x00007ff831210000 - 0x00007ff83125c000 	C:\WINDOWS\System32\powrprof.dll
0x00007ff834b80000 - 0x00007ff834bd2000 	C:\WINDOWS\System32\shlwapi.dll
0x00007ff831260000 - 0x00007ff83126f000 	C:\WINDOWS\System32\kernel.appcore.dll
0x00007ff831a00000 - 0x00007ff831aa9000 	C:\WINDOWS\System32\shcore.dll
0x00007ff8311e0000 - 0x00007ff8311f4000 	C:\WINDOWS\System32\profapi.dll
0x00007ff800e70000 - 0x00007ff801813000 	C:\Users\Home\Downloads\Programs\opencv\build\java\x64\opencv_java249.dll
0x00007ff8323e0000 - 0x00007ff832518000 	C:\WINDOWS\System32\ole32.dll
0x00007ff834ac0000 - 0x00007ff834b7f000 	C:\WINDOWS\System32\OLEAUT32.dll
0x00007ff8320c0000 - 0x00007ff83215c000 	C:\WINDOWS\System32\msvcp_win.dll
0x00007ff81f700000 - 0x00007ff81f720000 	C:\WINDOWS\SYSTEM32\AVIFIL32.dll
0x00007ff81d200000 - 0x00007ff81d229000 	C:\WINDOWS\SYSTEM32\MSVFW32.dll
0x00007ff81c680000 - 0x00007ff81c698000 	C:\WINDOWS\SYSTEM32\AVICAP32.dll
0x00007ff82e2a0000 - 0x00007ff82e2bc000 	C:\WINDOWS\SYSTEM32\MSACM32.dll
0x0000000069780000 - 0x000000006979a000 	C:\Program Files\Java\jre1.8.0_91\bin\net.dll
0x00007ff830b10000 - 0x00007ff830b6c000 	C:\WINDOWS\system32\mswsock.dll
0x0000000069760000 - 0x0000000069771000 	C:\Program Files\Java\jre1.8.0_91\bin\nio.dll
0x00007ff82f8f0000 - 0x00007ff82f985000 	C:\WINDOWS\system32\uxtheme.dll
0x00007ff832670000 - 0x00007ff83270f000 	C:\WINDOWS\System32\clbcatq.dll
0x00007ff8246b0000 - 0x00007ff8246c8000 	C:\Windows\System32\devenum.dll
0x00007ff8344f0000 - 0x00007ff834919000 	C:\WINDOWS\System32\setupapi.dll
0x00007ff830580000 - 0x00007ff8305b2000 	C:\WINDOWS\SYSTEM32\ntmarta.dll
0x00007ff82fb30000 - 0x00007ff82fb58000 	C:\WINDOWS\SYSTEM32\DEVOBJ.dll
0x00007ff831270000 - 0x00007ff8312c5000 	C:\WINDOWS\System32\WINTRUST.dll
0x00007ff831200000 - 0x00007ff831210000 	C:\WINDOWS\System32\MSASN1.dll
0x00007ff831ab0000 - 0x00007ff831c79000 	C:\WINDOWS\System32\CRYPT32.dll
0x00007ff8244b0000 - 0x00007ff8244ba000 	C:\WINDOWS\SYSTEM32\msdmo.dll
0x00007ff814d50000 - 0x00007ff814d83000 	C:\Windows\System32\qcap.dll
0x00007ff803da0000 - 0x00007ff803f63000 	C:\Windows\System32\quartz.dll
0x00007ff831080000 - 0x00007ff8310ab000 	C:\Windows\System32\bcrypt.dll
0x00007ff8341f0000 - 0x00007ff83434a000 	C:\WINDOWS\System32\MSCTF.dll
0x00007ff82ec40000 - 0x00007ff82ec66000 	C:\WINDOWS\system32\dwmapi.dll
0x00007ff815250000 - 0x00007ff815298000 	C:\Windows\System32\mfksproxy.dll
0x00007ff82e320000 - 0x00007ff82e36e000 	C:\Windows\System32\MFSENSORGROUP.dll
0x00007ff8238a0000 - 0x00007ff8238bc000 	C:\Windows\System32\ATL.DLL
0x00007ff826380000 - 0x00007ff8264e8000 	C:\Windows\System32\MFPlat.DLL
0x00007ff82cce0000 - 0x00007ff82cd0e000 	C:\Windows\System32\RTWorkQ.DLL
0x00007ff80b350000 - 0x00007ff80b75a000 	C:\Windows\System32\MFCORE.dll
0x00007ff82ea30000 - 0x00007ff82ea39000 	C:\Windows\System32\ksuser.dll
0x00007ff830cd0000 - 0x00007ff830cdb000 	C:\Windows\System32\CRYPTBASE.DLL
0x00007ff810ef0000 - 0x00007ff810f43000 	C:\Windows\System32\FSClient.dll
0x00007ff82e160000 - 0x00007ff82e16b000 	C:\Windows\System32\AVRT.dll
0x00007ff826c70000 - 0x00007ff826c7d000 	C:\Windows\System32\vidcap.ax
0x00007ff815220000 - 0x00007ff815245000 	C:\Windows\System32\kswdmcap.ax
0x00007ff8026b0000 - 0x00007ff802813000 	C:\Windows\System32\MFC42.dll
0x00007ff80e780000 - 0x00007ff80e82f000 	C:\Windows\System32\ODBC32.dll
0x00007ff8306f0000 - 0x00007ff8306fa000 	C:\Windows\System32\DPAPI.dll
0x00007ff8265f0000 - 0x00007ff826633000 	C:\WINDOWS\SYSTEM32\policymanager.dll
0x00007ff82fb60000 - 0x00007ff82fbf1000 	C:\Windows\System32\msvcp110_win.dll
0x00007ff804d80000 - 0x00007ff804e54000 	C:\Windows\System32\MFReadWrite.dll
0x00007ff8051b0000 - 0x00007ff805253000 	C:\Windows\System32\qedit.dll
0x00007ff8343f0000 - 0x00007ff8344ea000 	C:\WINDOWS\System32\COMDLG32.dll
0x00007ff82d320000 - 0x00007ff82d4ba000 	C:\WINDOWS\WinSxS\amd64_microsoft.windows.gdiplus_6595b64144ccf1df_1.1.14393.953_none_7300116921188239\gdiplus.dll
0x00007ff81b8f0000 - 0x00007ff81b9e7000 	C:\Windows\System32\DDRAW.dll
0x00007ff828d80000 - 0x00007ff828d88000 	C:\Windows\System32\DCIMAN32.dll
0x00007ff803ba0000 - 0x00007ff803d9f000 	C:\Program Files (x86)\K-Lite Codec Pack\Filters\vsfilter64.dll
0x00007ff82c990000 - 0x00007ff82cc5a000 	C:\WINDOWS\SYSTEM32\WININET.dll
0x00007ff82d240000 - 0x00007ff82d2c6000 	C:\WINDOWS\SYSTEM32\WINSPOOL.DRV
0x00007ff82d540000 - 0x00007ff82d5a5000 	C:\WINDOWS\SYSTEM32\OLEACC.dll
0x00007ff827430000 - 0x00007ff82743c000 	C:\WINDOWS\SYSTEM32\msyuv.dll
0x000000006a300000 - 0x000000006a498000 	C:\Program Files\Java\jre1.8.0_91\bin\awt.dll
0x00007ff82f6f0000 - 0x00007ff82f76a000 	C:\WINDOWS\SYSTEM32\apphelp.dll
0x000000006a2b0000 - 0x000000006a2f7000 	C:\Program Files\Java\jre1.8.0_91\bin\fontmanager.dll
0x000000006a260000 - 0x000000006a2a2000 	C:\Program Files\Java\jre1.8.0_91\bin\t2k.dll
0x00007ff830cb0000 - 0x00007ff830cc7000 	C:\WINDOWS\SYSTEM32\CRYPTSP.dll
0x00007ff8306b0000 - 0x00007ff8306e3000 	C:\WINDOWS\system32\rsaenh.dll
0x00007ff8308d0000 - 0x00007ff8308ef000 	C:\WINDOWS\SYSTEM32\USERENV.dll
0x00007ff830890000 - 0x00007ff8308c8000 	C:\WINDOWS\SYSTEM32\IPHLPAPI.DLL
0x00007ff832550000 - 0x00007ff832558000 	C:\WINDOWS\System32\NSI.dll
0x00007ff82bd40000 - 0x00007ff82bd56000 	C:\WINDOWS\SYSTEM32\dhcpcsvc6.DLL
0x00007ff82bfc0000 - 0x00007ff82bfda000 	C:\WINDOWS\SYSTEM32\dhcpcsvc.DLL
0x000000006a220000 - 0x000000006a251000 	C:\Program Files\Java\jre1.8.0_91\bin\jpeg.dll
0x000000006e740000 - 0x000000006fda5000 	C:\Users\Home\AppData\Local\Temp\xuggle\xuggle3045719811404368110.dll
0x00007ff823540000 - 0x00007ff8236d2000 	C:\WINDOWS\SYSTEM32\dbghelp.dll

VM Arguments:
jvm_args: -Djava.library.path=C:\Users\Home\Downloads\Programs\opencv\build\java\x64 -Dfile.encoding=Cp1252 
java_command: Main
java_class_path (initial): C:\Users\Home\workspace\Product3_2\bin;C:\Users\Home\Downloads\Programs\opencv\build\java\opencv-249.jar;C:\Users\Home\workspace\Product3_2\xuggler\com.xuggle.utils-1.22.jar;C:\Users\Home\workspace\Product3_2\xuggler\commons-cli-1.1.jar;C:\Users\Home\workspace\Product3_2\xuggler\commons-lang3-3.5.jar;C:\Users\Home\workspace\Product3_2\xuggler\jl1.0.1.jar;C:\Users\Home\workspace\Product3_2\xuggler\jmf-2.1.1e.jar;C:\Users\Home\workspace\Product3_2\xuggler\junit-4.2.jar;C:\Users\Home\workspace\Product3_2\xuggler\logback-classic-1.0.0.jar;C:\Users\Home\workspace\Product3_2\xuggler\logback-core-1.0.0.jar;C:\Users\Home\workspace\Product3_2\xuggler\slf4j-api-1.7.21.jar;C:\Users\Home\workspace\Product3_2\xuggler\xuggle-xuggler-5.4.jar;C:\Users\Home\workspace\Product3_2\Mail\activation.jar;C:\Users\Home\workspace\Product3_2\Mail\mail.jar;C:\Users\Home\workspace\Product3_2\Mail\smtp.jar
Launcher Type: SUN_STANDARD

Environment Variables:
JAVA_HOME=C:\Program Files\Java\jdk1.8.0_91
PATH=C:/Program Files/Java/jre1.8.0_91/bin/server;C:/Program Files/Java/jre1.8.0_91/bin;C:/Program Files/Java/jre1.8.0_91/lib/amd64;C:/Python27;C:/Python27/Scripts;C:\ProgramData\Oracle\Java\javapath;C:\Program Files (x86)\Lenovo\FusionEngine;C:\Program Files (x86)\Intel\iCLS Client\;C:\Program Files\Intel\iCLS Client\;C:\WINDOWS\system32;C:\WINDOWS;C:\WINDOWS\System32\Wbem;C:\WINDOWS\System32\WindowsPowerShell\v1.0\;C:\Program Files\Intel\Intel(R) Management Engine Components\DAL;C:\Program Files (x86)\Intel\Intel(R) Management Engine Components\DAL;C:\Program Files\Intel\Intel(R) Management Engine Components\IPT;C:\Program Files (x86)\Intel\Intel(R) Management Engine Components\IPT;C:\Program Files (x86)\ATI Technologies\ATI.ACE\Core-Static;C:\Program Files (x86)\AMD\ATI.ACE\Core-Static;%QUARTUS_ROOTDIR%\bin;C:\Program Files\Intel\WiFi\bin\;C:\Program Files\Common Files\Intel\WirelessCommon\;C:\Program Files (x86)\Common Files\lenovo\easyplussdk\bin;C:\Program Files (x86)\IVI Foundation\VISA\WinNT\Bin\;C:\Program Files\IVI Foundation\VISA\Win64\Bin\;C:\Program Files (x86)\IVI Foundation\VISA\WinNT\Bin;C:\apache-ant-1.9.7\bin;C:\Program Files\MATLAB\R2012a\runtime\win64;C:\Program Files\MATLAB\R2012a\bin;C:\Program Files\Intel\WiFi\bin\;C:\Program Files\Common Files\Intel\WirelessCommon\;%USERPROFILE%\AppData\Local\Microsoft\WindowsApps;;C:\Users\Home\Downloads\Compressed\eclipse;
USERNAME=Home
OS=Windows_NT
PROCESSOR_IDENTIFIER=Intel64 Family 6 Model 61 Stepping 4, GenuineIntel



---------------  S Y S T E M  ---------------

OS: Windows 10.0 , 64 bit Build 14393 (10.0.14393.1198)

CPU:total 4 (2 cores per cpu, 2 threads per core) family 6 model 61 stepping 4, cmov, cx8, fxsr, mmx, sse, sse2, sse3, ssse3, sse4.1, sse4.2, popcnt, avx, avx2, aes, clmul, erms, 3dnowpref, lzcnt, ht, tsc, tscinvbit, bmi1, bmi2, adx

Memory: 4k page, physical 8300384k(3603616k free), swap 9611104k(2261028k free)

vm_info: Java HotSpot(TM) 64-Bit Server VM (25.91-b15) for windows-amd64 JRE (1.8.0_91-b15), built on May 20 2016 17:43:15 by "java_re" with MS VC++ 10.0 (VS2010)

time: Sat Jun 10 19:16:55 2017
elapsed time: 42 seconds (0d 0h 0m 42s)

